[localhost_8000/index.html]
[backblue.gif]
[fade.gif]
[index.html]
[localhost_8000/wp-content/themes/astra/assets/css/minified/frontend.min5b31.css]
[localhost_8000/wp-includes/css/dist/block-library/style.min9b30.css]
[localhost_8000/comments/feed/index.html]
[localhost_8000/feed/index.html]
[localhost_8000/wp-content/plugins/elementor/assets/lib/eicons/css/elementor-icons.min192d.css]
[localhost_8000/wp-content/plugins/elementor/assets/css/frontend-lite.minafc7.css]
[localhost_8000/wp-content/plugins/elementor/assets/lib/swiper/v8/css/swiper.min94a4.css]
[localhost_8000/wp-content/uploads/elementor/css/post-13a140.css]
[localhost_8000/wp-content/plugins/elementor/assets/lib/font-awesome/css/all.minafc7.css]
[localhost_8000/wp-content/plugins/elementor/assets/lib/font-awesome/css/v4-shims.minafc7.css]
[localhost_8000/wp-content/uploads/elementor/css/post-2056ee7.css]
[localhost_8000/wp-content/plugins/elementor/assets/lib/font-awesome/css/fontawesome.min52d5.css]
[localhost_8000/wp-content/plugins/elementor/assets/lib/font-awesome/css/solid.min52d5.css]
[localhost_8000/wp-content/plugins/elementor/assets/lib/font-awesome/js/v4-shims.minafc7.js]
[localhost_8000/wp-json/wp/v2/pages/205.json]
[localhost_8000/xmlrpc0db0.php]
[localhost_8000/wp-json/index.html]
[localhost_8000/wp-json/oembed/1.0/embed17b0.json]
[localhost_8000/wp-content/uploads/2023/10/cropped-GBS-Logo-e1696570701961-32x32.png]
[localhost_8000/wp-json/oembed/1.0/embedf57d]
[localhost_8000/wp-content/uploads/2023/10/cropped-GBS-Logo-e1696570701961-192x192.png]
[localhost_8000/wp-content/uploads/2023/10/cropped-GBS-Logo-e1696570701961-180x180.png]
[localhost_8000/معرض-الصور/index.html]
[localhost_8000/wp-content/uploads/2023/10/a6ea5b94-4e6f-4e90-a474-2c8f9cb19351-768x576.jpg]
[localhost_8000/wp-content/uploads/2023/10/20d97133-e070-4cae-99a0-6ca3ad2675c3-768x576.jpg]
[localhost_8000/wp-content/uploads/2023/10/91b9d020-2423-4677-92b1-d2d7aefd447d-768x576.jpg]
[localhost_8000/wp-content/uploads/2023/10/4fdcdedf-69e9-45d7-8670-45424c23f85c-768x576.jpg]
[localhost_8000/wp-content/uploads/2023/10/86d27e34-4b89-462b-a3f3-493a81f5f619-768x576.jpg]
[localhost_8000/wp-content/uploads/2023/10/a45f4ac5-2577-40bf-9331-023984c5537a-768x576.jpg]
[localhost_8000/wp-content/uploads/2023/10/c1d344d3-ee1b-42b7-9501-f7c31db16505-768x576.jpg]
[localhost_8000/wp-content/uploads/2023/10/1e059207-09dd-4ee1-98ca-17dddbf669e4-768x576.jpg]
[localhost_8000/wp-content/plugins/elementor/assets/lib/animations/animations.minafc7.css]
[localhost_8000/wp-content/themes/astra/assets/js/minified/frontend.min5b31.js]
[localhost_8000/wp-content/plugins/elementor/assets/js/webpack.runtime.minafc7.js]
[localhost_8000/wp-includes/js/jquery/jquery.min3088.js]
[localhost_8000/wp-includes/js/jquery/jquery-migrate.min5589.js]
[localhost_8000/wp-content/plugins/elementor/assets/js/frontend-modules.minafc7.js]
[localhost_8000/wp-content/plugins/elementor/assets/lib/waypoints/waypoints.min05da.js]
[localhost_8000/wp-includes/js/jquery/ui/core.min3f14.js]
[localhost_8000/wp-content/plugins/elementor/assets/js/frontend.minafc7.js]
[localhost_8000/wp-includes/js/underscore.mind584.js]
[localhost_8000/wp-includes/js/wp-util.min9b30.js]
[localhost_8000/wp-content/plugins/wpforms-lite/assets/js/integrations/elementor/frontend.min29af.js]
[localhost_8000/index.html]
[localhost_8000/wp-content/themes/astra/assets/css/minified/frontend.min5b31.css]
[localhost_8000/wp-includes/css/dist/block-library/style.min9b30.css]
[localhost_8000/wp-content/plugins/elementor/assets/lib/eicons/fonts/eicons9506.eot]
[localhost_8000/wp-content/plugins/elementor/assets/lib/eicons/fonts/eicons9506.woff2]
[localhost_8000/wp-content/plugins/elementor/assets/lib/eicons/fonts/eicons9506.woff]
[localhost_8000/wp-content/plugins/elementor/assets/lib/eicons/fonts/eicons9506.ttf]
[localhost_8000/wp-content/plugins/elementor/assets/lib/eicons/css/elementor-icons.min192d.css]
[localhost_8000/wp-content/plugins/elementor/assets/css/frontend-lite.minafc7.css]
[localhost_8000/wp-content/plugins/elementor/assets/lib/swiper/v8/css/swiper.min94a4.css]
[localhost_8000/wp-content/uploads/elementor/css/post-13a140.css]
[localhost_8000/wp-content/plugins/elementor/assets/lib/font-awesome/webfonts/fa-brands-400.eot]
[localhost_8000/wp-content/plugins/elementor/assets/lib/font-awesome/webfonts/fa-brands-400.woff2]
[localhost_8000/wp-content/plugins/elementor/assets/lib/font-awesome/webfonts/fa-brands-400.woff]
[localhost_8000/wp-content/plugins/elementor/assets/lib/font-awesome/webfonts/fa-brands-400.ttf]
[localhost_8000/wp-content/plugins/elementor/assets/lib/font-awesome/webfonts/fa-brands-400d41d.eot]
[localhost_8000/wp-content/plugins/elementor/assets/lib/font-awesome/webfonts/fa-regular-400.eot]
[localhost_8000/wp-content/plugins/elementor/assets/lib/font-awesome/webfonts/fa-regular-400.woff2]
[localhost_8000/wp-content/plugins/elementor/assets/lib/font-awesome/webfonts/fa-regular-400.woff]
[localhost_8000/wp-content/plugins/elementor/assets/lib/font-awesome/webfonts/fa-regular-400d41d.eot]
[localhost_8000/wp-content/plugins/elementor/assets/lib/font-awesome/webfonts/fa-regular-400.ttf]
[localhost_8000/wp-content/plugins/elementor/assets/lib/font-awesome/webfonts/fa-solid-900.eot]
[localhost_8000/wp-content/plugins/elementor/assets/lib/font-awesome/webfonts/fa-solid-900d41d.eot]
[localhost_8000/wp-content/plugins/elementor/assets/lib/font-awesome/webfonts/fa-solid-900.woff2]
[localhost_8000/wp-content/plugins/elementor/assets/lib/font-awesome/webfonts/fa-solid-900.woff]
[localhost_8000/wp-content/plugins/elementor/assets/lib/font-awesome/webfonts/fa-solid-900.ttf]
[localhost_8000/wp-content/plugins/elementor/assets/lib/font-awesome/css/all.minafc7.css]
[localhost_8000/wp-content/plugins/elementor/assets/lib/font-awesome/css/v4-shims.minafc7.css]
[localhost_8000/wp-content/uploads/2023/10/01.jpg]
[localhost_8000/wp-content/uploads/2020/11/bg-05-free-img.png]
[localhost_8000/wp-content/uploads/2023/10/f10dadcc-b229-4915-b6c5-88f194794d52.jpg]
[localhost_8000/wp-content/uploads/2023/10/ecbd914a-71bc-4e65-b5a6-aeae8d6f4f13.jpg]
[localhost_8000/wp-content/uploads/2023/10/7b781279-cea9-455d-b34a-99e9b089a494.jpg]
[localhost_8000/wp-content/uploads/elementor/css/post-2056ee7.css]
[localhost_8000/wp-content/plugins/elementor/assets/lib/font-awesome/css/fontawesome.min52d5.css]
[localhost_8000/wp-content/plugins/elementor/assets/lib/font-awesome/css/solid.min52d5.css]
[localhost_8000/wp-content/uploads/elementor/css/post-206dda0.css]
[localhost_8000/wp-json/wp/v2/pages/206.json]
[localhost_8000/wp-json/oembed/1.0/embed1093.json]
[localhost_8000/wp-json/oembed/1.0/embed9447]
[localhost_8000/wp-content/uploads/2023/10/a6ea5b94-4e6f-4e90-a474-2c8f9cb19351-1.jpg]
[localhost_8000/wp-content/uploads/2023/10/a6ea5b94-4e6f-4e90-a474-2c8f9cb19351-1-768x576.jpg]
[localhost_8000/wp-content/uploads/2023/10/20d97133-e070-4cae-99a0-6ca3ad2675c3-1.jpg]
[localhost_8000/wp-content/uploads/2023/10/20d97133-e070-4cae-99a0-6ca3ad2675c3-1-768x576.jpg]
[localhost_8000/wp-content/uploads/2023/10/91b9d020-2423-4677-92b1-d2d7aefd447d-1.jpg]
[localhost_8000/wp-content/uploads/2023/10/91b9d020-2423-4677-92b1-d2d7aefd447d-1-768x576.jpg]
[localhost_8000/wp-content/uploads/2023/10/4fdcdedf-69e9-45d7-8670-45424c23f85c-1.jpg]
[localhost_8000/wp-content/uploads/2023/10/4fdcdedf-69e9-45d7-8670-45424c23f85c-1-768x576.jpg]
[localhost_8000/wp-content/uploads/2023/10/86d27e34-4b89-462b-a3f3-493a81f5f619-1.jpg]
[localhost_8000/wp-content/uploads/2023/10/86d27e34-4b89-462b-a3f3-493a81f5f619-1-768x576.jpg]
[localhost_8000/wp-content/uploads/2023/10/a45f4ac5-2577-40bf-9331-023984c5537a-1.jpg]
[localhost_8000/wp-content/uploads/2023/10/a45f4ac5-2577-40bf-9331-023984c5537a-1-768x576.jpg]
[localhost_8000/wp-content/uploads/2023/10/c1d344d3-ee1b-42b7-9501-f7c31db16505-1.jpg]
[localhost_8000/wp-content/uploads/2023/10/c1d344d3-ee1b-42b7-9501-f7c31db16505-1-768x576.jpg]
[localhost_8000/wp-content/uploads/2023/10/1e059207-09dd-4ee1-98ca-17dddbf669e4-1.jpg]
[localhost_8000/wp-content/uploads/2023/10/1e059207-09dd-4ee1-98ca-17dddbf669e4-1-768x576.jpg]
[localhost_8000/wp-content/uploads/2023/10/ba6e1450-8e34-42ba-9660-6367a29ccac2.jpg]
[localhost_8000/wp-content/uploads/2023/10/ba6e1450-8e34-42ba-9660-6367a29ccac2-768x576.jpg]
[localhost_8000/wp-content/uploads/2023/10/0eeb70be-9890-418f-a3fa-6fbac0301426.jpg]
[localhost_8000/wp-content/uploads/2023/10/0eeb70be-9890-418f-a3fa-6fbac0301426-768x576.jpg]
[localhost_8000/wp-content/uploads/2023/10/f10dadcc-b229-4915-b6c5-88f194794d52-1.jpg]
[localhost_8000/wp-content/uploads/2023/10/f10dadcc-b229-4915-b6c5-88f194794d52-1-768x576.jpg]
[localhost_8000/wp-content/uploads/2023/10/a7da82fd-af87-4894-9906-901c2fd69321.jpg]
[localhost_8000/wp-content/uploads/2023/10/a7da82fd-af87-4894-9906-901c2fd69321-768x576.jpg]
[localhost_8000/wp-content/uploads/2023/10/956837d8-5358-4d2d-8fe2-aca8a3f7783c.jpg]
[localhost_8000/wp-content/uploads/2023/10/956837d8-5358-4d2d-8fe2-aca8a3f7783c-768x576.jpg]
[localhost_8000/wp-content/uploads/2023/10/a1cc5218-96c5-4723-b5e4-9ac8965f77a3.jpg]
[localhost_8000/wp-content/uploads/2023/10/a1cc5218-96c5-4723-b5e4-9ac8965f77a3-768x576.jpg]
[localhost_8000/wp-content/uploads/2023/10/39a7a836-33c8-46da-a2ac-82d852331315.jpg]
[localhost_8000/wp-content/uploads/2023/10/39a7a836-33c8-46da-a2ac-82d852331315-768x576.jpg]
[localhost_8000/wp-content/uploads/2023/10/6ee994ae-9e36-410c-b105-fabe73c849b1.jpg]
[localhost_8000/wp-content/uploads/2023/10/6ee994ae-9e36-410c-b105-fabe73c849b1-768x576.jpg]
[localhost_8000/wp-content/uploads/2023/10/37669ace-452f-418f-9172-7e77e2641988.jpg]
[localhost_8000/wp-content/uploads/2023/10/37669ace-452f-418f-9172-7e77e2641988-768x576.jpg]
[localhost_8000/wp-content/uploads/2023/10/fb9c9539-62a1-4e30-bd59-9700c45585dc.jpg]
[localhost_8000/wp-content/uploads/2023/10/fb9c9539-62a1-4e30-bd59-9700c45585dc-768x576.jpg]
[localhost_8000/wp-content/uploads/2023/10/ecbd914a-71bc-4e65-b5a6-aeae8d6f4f13-1.jpg]
[localhost_8000/wp-content/uploads/2023/10/ecbd914a-71bc-4e65-b5a6-aeae8d6f4f13-1-768x576.jpg]
[localhost_8000/wp-content/uploads/2023/10/01-1.jpg]
[localhost_8000/wp-content/uploads/2023/10/01-1-768x576.jpg]
[localhost_8000/wp-content/uploads/2023/10/54e452d0-f68f-4d5c-8d7e-76d530f41baa.jpg]
[localhost_8000/wp-content/uploads/2023/10/54e452d0-f68f-4d5c-8d7e-76d530f41baa-768x576.jpg]
[localhost_8000/wp-content/uploads/2023/10/1dc58fa9-0b0a-43d8-86a4-bea90e987788.jpg]
[localhost_8000/wp-content/uploads/2023/10/1dc58fa9-0b0a-43d8-86a4-bea90e987788-768x576.jpg]
[localhost_8000/wp-content/uploads/2023/10/00-1.jpg]
[localhost_8000/wp-content/uploads/2023/10/00-1-768x576.jpg]
[localhost_8000/wp-content/uploads/2023/10/7b781279-cea9-455d-b34a-99e9b089a494-1.jpg]
[localhost_8000/wp-content/uploads/2023/10/7b781279-cea9-455d-b34a-99e9b089a494-1-768x576.jpg]
[localhost_8000/wp-content/uploads/2023/10/7801694d-2868-461e-867a-a213c93e22e6-1.jpg]
[localhost_8000/wp-content/uploads/2023/10/7801694d-2868-461e-867a-a213c93e22e6-1-768x576.jpg]
[localhost_8000/wp-content/uploads/2023/10/334795a4-f148-4f89-8c06-af48e0b2792e.jpg]
[localhost_8000/wp-content/uploads/2023/10/334795a4-f148-4f89-8c06-af48e0b2792e-768x576.jpg]
[localhost_8000/wp-content/uploads/2023/10/8ff8658f-f6fb-4720-9ac8-48364e138a65.jpg]
[localhost_8000/wp-content/uploads/2023/10/8ff8658f-f6fb-4720-9ac8-48364e138a65-768x576.jpg]
[localhost_8000/wp-content/uploads/2023/10/15aef770-d15f-4fc9-87ef-ef3a2872bd7a.jpg]
[localhost_8000/wp-content/uploads/2023/10/15aef770-d15f-4fc9-87ef-ef3a2872bd7a-768x576.jpg]
[localhost_8000/wp-content/uploads/2023/10/e725bc8c-1766-446c-8ba6-ca1fd6ce09cf.jpg]
[localhost_8000/wp-content/uploads/2023/10/e725bc8c-1766-446c-8ba6-ca1fd6ce09cf-768x576.jpg]
[localhost_8000/wp-content/uploads/2023/10/c8144cda-0bb8-45a1-9271-588d9e5e03cc.jpg]
[localhost_8000/wp-content/uploads/2023/10/c8144cda-0bb8-45a1-9271-588d9e5e03cc-768x1024.jpg]
[localhost_8000/wp-content/uploads/2023/10/e6c7b730-5c5d-47a9-89de-588f7c5c735a.jpg]
[localhost_8000/wp-content/uploads/2023/10/e6c7b730-5c5d-47a9-89de-588f7c5c735a-768x576.jpg]
[localhost_8000/wp-content/uploads/2023/10/172de906-3600-4a00-918d-54eb2dbad0c4.jpg]
[localhost_8000/wp-content/uploads/2023/10/172de906-3600-4a00-918d-54eb2dbad0c4-768x576.jpg]
[localhost_8000/wp-content/uploads/2023/10/f60c2b93-9f6f-4b3d-8e79-c8ca114afeb0.jpg]
[localhost_8000/wp-content/uploads/2023/10/f60c2b93-9f6f-4b3d-8e79-c8ca114afeb0-768x576.jpg]
[localhost_8000/wp-content/uploads/2023/10/15a15132-6577-483a-9717-adbcabe69931.jpg]
[localhost_8000/wp-content/uploads/2023/10/15a15132-6577-483a-9717-adbcabe69931-768x576.jpg]
[localhost_8000/wp-content/uploads/2023/10/3aee6b8f-4595-4ebc-8102-cfcc68d357ef.jpg]
[localhost_8000/wp-content/uploads/2023/10/3aee6b8f-4595-4ebc-8102-cfcc68d357ef-768x576.jpg]
[localhost_8000/wp-content/uploads/2023/10/0bd0c0a3-a754-4d56-aec7-2431faf17054.jpg]
[localhost_8000/wp-content/uploads/2023/10/0bd0c0a3-a754-4d56-aec7-2431faf17054-768x576.jpg]
[localhost_8000/wp-content/uploads/2023/10/ec45430a-5071-4666-a34e-51a1c2af6c0c.jpg]
[localhost_8000/wp-content/uploads/2023/10/ec45430a-5071-4666-a34e-51a1c2af6c0c-768x576.jpg]
[localhost_8000/wp-content/uploads/2023/10/178f2a02-ca0f-436b-8a0d-7e7d66c41fb2.jpg]
[localhost_8000/wp-content/uploads/2023/10/178f2a02-ca0f-436b-8a0d-7e7d66c41fb2-768x576.jpg]
[localhost_8000/wp-content/uploads/2023/10/b5e22959-6899-471d-9298-fe796ee1d302.jpg]
[localhost_8000/wp-content/uploads/2023/10/b5e22959-6899-471d-9298-fe796ee1d302-768x576.jpg]
[localhost_8000/wp-content/uploads/2023/10/969741bb-a246-4951-9c59-150db040ec14.jpg]
[localhost_8000/wp-content/uploads/2023/10/969741bb-a246-4951-9c59-150db040ec14-768x576.jpg]
[localhost_8000/wp-content/uploads/2023/10/32a15244-bd90-4f6f-8d83-690ddffb0c9d.jpg]
[localhost_8000/wp-content/uploads/2023/10/32a15244-bd90-4f6f-8d83-690ddffb0c9d-768x576.jpg]
[localhost_8000/wp-content/uploads/2023/10/46eccbf9-e649-406a-bea5-a8fd9663e6c0.jpg]
[localhost_8000/wp-content/uploads/2023/10/46eccbf9-e649-406a-bea5-a8fd9663e6c0-768x576.jpg]
[localhost_8000/wp-content/uploads/2023/10/7dc4f5f5-4933-427c-bf51-e70a9bc58afb.jpg]
[localhost_8000/wp-content/uploads/2023/10/7dc4f5f5-4933-427c-bf51-e70a9bc58afb-768x576.jpg]
[localhost_8000/wp-content/uploads/2023/10/b8769cb7-b164-41ff-bc5e-2dba491531b9.jpg]
[localhost_8000/wp-content/uploads/2023/10/b8769cb7-b164-41ff-bc5e-2dba491531b9-768x576.jpg]
[localhost_8000/wp-content/uploads/2023/10/5234df76-426d-484e-99f4-a836d3959af5.jpg]
[localhost_8000/wp-content/uploads/2023/10/5234df76-426d-484e-99f4-a836d3959af5-768x576.jpg]
[localhost_8000/wp-content/uploads/2023/10/8ae54d69-aee7-4cd2-a578-3c7738c3d128.jpg]
[localhost_8000/wp-content/uploads/2023/10/8ae54d69-aee7-4cd2-a578-3c7738c3d128-768x576.jpg]
[localhost_8000/wp-content/uploads/2023/10/370e0e6c-8a7f-4334-891c-99b7e7b2d37b-1.jpg]
[localhost_8000/wp-content/uploads/2023/10/370e0e6c-8a7f-4334-891c-99b7e7b2d37b-1-768x576.jpg]
[localhost_8000/wp-content/uploads/2023/10/25a69df6-1127-4db7-a98d-128ec71561c7.jpg]
[localhost_8000/wp-content/uploads/2023/10/25a69df6-1127-4db7-a98d-128ec71561c7-768x576.jpg]
[localhost_8000/wp-content/uploads/2023/10/a0ef62e2-a392-4373-b81d-d403fbb6a6b6.jpg]
[localhost_8000/wp-content/uploads/2023/10/a0ef62e2-a392-4373-b81d-d403fbb6a6b6-768x576.jpg]
[localhost_8000/wp-content/uploads/2023/10/321c7ce1-f471-4bc8-be34-30e8817dfcb9.jpg]
[localhost_8000/wp-content/uploads/2023/10/321c7ce1-f471-4bc8-be34-30e8817dfcb9-768x576.jpg]
[localhost_8000/معرض-الصور/index.html]
[localhost_8000/styles.html]
[localhost_8000/wp-content/plugins/elementor/assets/lib/animations/animations.minafc7.css]
[localhost_8000/wp-content/plugins/elementor/assets/lib/eicons/fonts/eicons9506.svg]
[localhost_8000/wp-content/plugins/elementor/assets/lib/font-awesome/webfonts/fa-brands-400.svg]
[localhost_8000/wp-content/plugins/elementor/assets/lib/font-awesome/webfonts/fa-regular-400.svg]
[localhost_8000/wp-content/plugins/elementor/assets/lib/font-awesome/webfonts/fa-solid-900.svg]
[localhost_8000/wp-content/themes/astra/assets/css/minified/galleries.min5b31.css]
[localhost_8000/wp-content/uploads/elementor/css/post-206dda0.css]
[localhost_8000/index1e11.html]
[localhost_8000/wp-content/uploads/2020/11/bg-06-free-img.jpg]
[localhost_8000/wp-content/themes/astra/assets/css/minified/galleries.min5b31.css]
